<?xml version="1.0" encoding="utf-8"?><testsuites name="pytest tests"><testsuite name="pytest" errors="0" failures="0" skipped="0" tests="20" time="9.595" timestamp="2026-03-13T15:30:42.276786+00:00" hostname="agent-env-8720cd8c-3f25-4580-a433-0e562d8312e1"><testcase classname="tests.test_email_inbox.TestEmailInboxAdminAuth" name="test_get_accounts_requires_auth" time="0.685" /><testcase classname="tests.test_email_inbox.TestEmailInboxAdminAuth" name="test_get_accounts_with_valid_auth" time="0.792" /><testcase classname="tests.test_email_inbox.TestEmailInboxAdminAuth" name="test_get_stats_requires_auth" time="0.428" /><testcase classname="tests.test_email_inbox.TestEmailInboxAdminAuth" name="test_get_stats_with_valid_auth" time="0.559" /><testcase classname="tests.test_email_inbox.TestEmailInboxAddAccount" name="test_add_account_requires_auth" time="0.131" /><testcase classname="tests.test_email_inbox.TestEmailInboxAddAccount" name="test_add_account_validates_email_format" time="0.566" /><testcase classname="tests.test_email_inbox.TestEmailInboxAddAccount" name="test_add_account_requires_password" time="0.526" /><testcase classname="tests.test_email_inbox.TestEmailInboxAddAccount" name="test_add_account_invalid_credentials" time="0.786" /><testcase classname="tests.test_email_inbox.TestEmailInboxAssignment" name="test_assign_requires_auth" time="0.138" /><testcase classname="tests.test_email_inbox.TestEmailInboxAssignment" name="test_assign_nonexistent_account" time="0.564" /><testcase classname="tests.test_email_inbox.TestEmailInboxAssignment" name="test_unassign_nonexistent_account" time="0.621" /><testcase classname="tests.test_email_inbox.TestEmailInboxDeleteAccount" name="test_delete_requires_auth" time="0.142" /><testcase classname="tests.test_email_inbox.TestEmailInboxDeleteAccount" name="test_delete_nonexistent_account" time="0.529" /><testcase classname="tests.test_email_inbox.TestEmailInboxTestConnection" name="test_connection_test_requires_auth" time="0.122" /><testcase classname="tests.test_email_inbox.TestEmailInboxTestConnection" name="test_connection_test_nonexistent_account" time="0.544" /><testcase classname="tests.test_email_inbox.TestEmployeeEmailCodes" name="test_my_codes_requires_auth" time="0.139" /><testcase classname="tests.test_email_inbox.TestEmployeeEmailCodes" name="test_my_codes_with_admin_token" time="0.524" /><testcase classname="tests.test_email_inbox.TestEmailInboxEndpointStructure" name="test_accounts_response_structure" time="0.542" /><testcase classname="tests.test_email_inbox.TestEmailInboxEndpointStructure" name="test_stats_response_structure" time="0.544" /><testcase classname="tests.test_email_inbox.TestEmailInboxEndpointStructure" name="test_admin_can_get_employees_list" time="0.584" /></testsuite></testsuites>