<?xml version="1.0" encoding="utf-8"?><testsuites name="pytest tests"><testsuite name="pytest" errors="0" failures="0" skipped="0" tests="10" time="11.884" timestamp="2026-02-22T16:22:14.903203+00:00" hostname="agent-env-886678d9-389a-4e81-981c-b089c8ffb75c"><testcase classname="backend.tests.test_multi_assignment.TestMultiAssignmentAPI" name="test_assign_to_single_employee" time="1.413" /><testcase classname="backend.tests.test_multi_assignment.TestMultiAssignmentAPI" name="test_assign_to_multiple_employees" time="1.738" /><testcase classname="backend.tests.test_multi_assignment.TestMultiAssignmentAPI" name="test_assign_empty_list" time="0.787" /><testcase classname="backend.tests.test_multi_assignment.TestMultiAssignmentAPI" name="test_assign_invalid_employee_id" time="0.838" /><testcase classname="backend.tests.test_multi_assignment.TestMultiAssignmentAPI" name="test_assign_to_nonexistent_task" time="0.842" /><testcase classname="backend.tests.test_multi_assignment.TestMultiAssignmentAPI" name="test_assign_without_credentials" time="1.312" /><testcase classname="backend.tests.test_multi_assignment.TestMultiAssignmentAPI" name="test_assign_unauthorized" time="0.903" /><testcase classname="backend.tests.test_multi_assignment.TestMultiAssignmentAPI" name="test_backward_compatibility_fields" time="1.372" /><testcase classname="backend.tests.test_multi_assignment.TestEmployeeViewMultiAssignment" name="test_employee_sees_their_credentials_only" time="2.018" /><testcase classname="backend.tests.test_multi_assignment.TestSearchAndFilter" name="test_get_employees_list" time="0.540" /></testsuite></testsuites>