<?xml version="1.0" encoding="utf-8"?><testsuites name="pytest tests"><testsuite name="pytest" errors="0" failures="0" skipped="0" tests="10" time="4.962" timestamp="2026-05-04T14:26:49.594335+00:00" hostname="agent-env-8720cd8c-3f25-4580-a433-0e562d8312e1"><testcase classname="tests.test_test_sessions" name="test_admin_login_works" time="0.792" /><testcase classname="tests.test_test_sessions" name="test_create_session_persists_booking_id" time="0.256" /><testcase classname="tests.test_test_sessions" name="test_data_before_start_returns_400" time="0.192" /><testcase classname="tests.test_test_sessions" name="test_start_session_activates" time="0.162" /><testcase classname="tests.test_test_sessions" name="test_get_data_normalized_sms_format" time="0.916" /><testcase classname="tests.test_test_sessions" name="test_create_session_with_number_only_fallback" time="1.203" /><testcase classname="tests.test_test_sessions" name="test_list_sessions" time="0.187" /><testcase classname="tests.test_test_sessions" name="test_invalid_token_returns_404" time="0.179" /><testcase classname="tests.test_test_sessions" name="test_create_without_auth_returns_401" time="0.183" /><testcase classname="tests.test_test_sessions" name="test_cleanup_sessions" time="0.416" /></testsuite></testsuites>