<?xml version="1.0" encoding="utf-8"?><testsuites name="pytest tests"><testsuite name="pytest" errors="0" failures="0" skipped="0" tests="10" time="14.633" timestamp="2026-02-21T12:38:23.893815+00:00" hostname="agent-env-e6510a45-2be1-4114-b66e-5920ba75efa1"><testcase classname="backend.tests.test_accept_application.TestAcceptApplicationEndpoint" name="test_accept_application_success" time="1.318" /><testcase classname="backend.tests.test_accept_application.TestAcceptApplicationEndpoint" name="test_accept_updates_application_status" time="1.460" /><testcase classname="backend.tests.test_accept_application.TestAcceptApplicationEndpoint" name="test_accept_already_accepted_application_fails" time="1.270" /><testcase classname="backend.tests.test_accept_application.TestAcceptApplicationEndpoint" name="test_accept_nonexistent_application" time="0.552" /><testcase classname="backend.tests.test_accept_application.TestAcceptApplicationEndpoint" name="test_accept_without_authorization" time="0.160" /><testcase classname="backend.tests.test_accept_application.TestNewEmployeeLogin" name="test_new_employee_can_login" time="1.747" /><testcase classname="backend.tests.test_accept_application.TestNewEmployeeLogin" name="test_new_employee_can_access_tasks" time="3.375" /><testcase classname="backend.tests.test_accept_application.TestNewEmployeeLogin" name="test_new_employee_can_access_stats" time="2.738" /><testcase classname="backend.tests.test_accept_application.TestExistingApplicationAcceptance" name="test_get_applications_with_status" time="0.932" /><testcase classname="backend.tests.test_accept_application.TestExistingApplicationAcceptance" name="test_verify_lisa_testerin_already_accepted" time="0.872" /></testsuite></testsuites>