<?xml version="1.0" encoding="utf-8"?><testsuites name="pytest tests"><testsuite name="pytest" errors="0" failures="1" skipped="0" tests="11" time="22.432" timestamp="2026-02-22T12:46:10.387842+00:00" hostname="agent-env-975ac658-932c-44e0-acac-98663647bfc6"><testcase classname="backend.tests.test_bulk_accept.TestBulkAcceptApplications" name="test_bulk_accept_single_application" time="2.386" /><testcase classname="backend.tests.test_bulk_accept.TestBulkAcceptApplications" name="test_bulk_accept_multiple_applications" time="5.964" /><testcase classname="backend.tests.test_bulk_accept.TestBulkAcceptApplications" name="test_bulk_accept_empty_list" time="0.758" /><testcase classname="backend.tests.test_bulk_accept.TestBulkAcceptApplications" name="test_bulk_accept_nonexistent_application" time="0.692" /><testcase classname="backend.tests.test_bulk_accept.TestBulkAcceptApplications" name="test_bulk_accept_already_accepted" time="1.896" /><testcase classname="backend.tests.test_bulk_accept.TestBulkAcceptApplications" name="test_bulk_accept_mixed_statuses" time="3.920" /><testcase classname="backend.tests.test_bulk_accept.TestBulkAcceptApplications" name="test_bulk_accept_unauthorized" time="2.192" /><testcase classname="backend.tests.test_bulk_accept.TestBulkAcceptApplications" name="test_bulk_accept_invalid_token" time="0.928"><failure message="AssertionError: Expected 401/403, got 200&#10;assert 200 in [401, 403]&#10; +  where 200 = &lt;Response [200]&gt;.status_code">backend/tests/test_bulk_accept.py:229: in test_bulk_accept_invalid_token
    assert response.status_code in [401, 403], f"Expected 401/403, got {response.status_code}"
E   AssertionError: Expected 401/403, got 200
E   assert 200 in [401, 403]
E    +  where 200 = &lt;Response [200]&gt;.status_code</failure></testcase><testcase classname="backend.tests.test_bulk_accept.TestBulkAcceptApplications" name="test_bulk_accept_response_structure" time="2.188" /><testcase classname="backend.tests.test_bulk_accept.TestBulkAcceptWithExistingData" name="test_get_existing_new_applications" time="0.553" /><testcase classname="backend.tests.test_bulk_accept.TestBulkAcceptWithExistingData" name="test_bulk_accept_endpoint_availability" time="0.479" /></testsuite></testsuites>