<?xml version="1.0" encoding="utf-8"?><testsuites name="pytest tests"><testsuite name="pytest" errors="0" failures="0" skipped="0" tests="10" time="6.225" timestamp="2026-04-15T08:42:34.107584+00:00" hostname="agent-env-8720cd8c-3f25-4580-a433-0e562d8312e1"><testcase classname="backend.tests.test_quiz_api.TestQuizAPI" name="test_quiz_status_before_completion" time="2.419" /><testcase classname="backend.tests.test_quiz_api.TestQuizAPI" name="test_quiz_status_without_auth" time="0.143" /><testcase classname="backend.tests.test_quiz_api.TestQuizAPI" name="test_quiz_submit_without_auth" time="0.154" /><testcase classname="backend.tests.test_quiz_api.TestQuizAPI" name="test_quiz_submit_success" time="0.150" /><testcase classname="backend.tests.test_quiz_api.TestQuizAPI" name="test_quiz_status_after_completion" time="0.142" /><testcase classname="backend.tests.test_quiz_api.TestQuizAPI" name="test_admin_get_quiz_answers" time="0.158" /><testcase classname="backend.tests.test_quiz_api.TestQuizAPI" name="test_admin_get_quiz_without_auth" time="0.159" /><testcase classname="backend.tests.test_quiz_api.TestQuizAPI" name="test_admin_get_quiz_with_employee_token" time="0.139" /><testcase classname="backend.tests.test_quiz_api.TestQuizAPI" name="test_admin_get_quiz_nonexistent_applicant" time="0.142" /><testcase classname="backend.tests.test_quiz_api.TestQuizResubmission" name="test_quiz_resubmission_updates_answers" time="2.455" /></testsuite></testsuites>