<?xml version="1.0" encoding="utf-8"?><testsuites name="pytest tests"><testsuite name="pytest" errors="0" failures="0" skipped="0" tests="15" time="24.570" timestamp="2026-02-21T21:42:17.851339+00:00" hostname="agent-env-147dd142-574f-49c6-8ff9-c99b9983f2d5"><testcase classname="tests.test_employee_settings_documents.TestAdminLogin" name="test_admin_login_success" time="1.595" /><testcase classname="tests.test_employee_settings_documents.TestEmployeeLogin" name="test_employee_login_success" time="1.941" /><testcase classname="tests.test_employee_settings_documents.TestEmployeeProfile" name="test_get_profile" time="1.213" /><testcase classname="tests.test_employee_settings_documents.TestEmployeeProfile" name="test_update_profile" time="1.838" /><testcase classname="tests.test_employee_settings_documents.TestEmployeeProfile" name="test_profile_unauthorized" time="0.460" /><testcase classname="tests.test_employee_settings_documents.TestEmployeePasswordChange" name="test_change_password_wrong_current" time="2.936" /><testcase classname="tests.test_employee_settings_documents.TestEmployeePasswordChange" name="test_change_password_too_short" time="1.946" /><testcase classname="tests.test_employee_settings_documents.TestEmployeeNotifications" name="test_update_notifications" time="1.727" /><testcase classname="tests.test_employee_settings_documents.TestEmployeeDocuments" name="test_get_documents" time="1.202" /><testcase classname="tests.test_employee_settings_documents.TestEmployeeDocuments" name="test_documents_include_signed_contracts" time="1.174" /><testcase classname="tests.test_employee_settings_documents.TestEmployeeDocumentDownload" name="test_download_contract" time="2.149" /><testcase classname="tests.test_employee_settings_documents.TestEmployeeDocumentDownload" name="test_download_nonexistent" time="1.654" /><testcase classname="tests.test_employee_settings_documents.TestAdminUnlockVerification" name="test_get_applications" time="1.338" /><testcase classname="tests.test_employee_settings_documents.TestAdminUnlockVerification" name="test_unlock_endpoint_exists" time="2.250" /><testcase classname="tests.test_employee_settings_documents.TestAdminUnlockVerification" name="test_unlock_requires_auth" time="0.202" /></testsuite></testsuites>