<?xml version="1.0" encoding="utf-8"?><testsuites name="pytest tests"><testsuite name="pytest" errors="0" failures="0" skipped="0" tests="13" time="4.391" timestamp="2026-08-08T15:10:36.203981+00:00" hostname="agent-env-928936d5-3baa-4d5e-9b84-ddec3cd3d4e0"><testcase classname="tests.test_contract_datenschutz" name="test_employment_contract_contains_datenschutz_header[vollzeit]" time="0.001" /><testcase classname="tests.test_contract_datenschutz" name="test_employment_contract_contains_datenschutz_header[teilzeit]" time="0.001" /><testcase classname="tests.test_contract_datenschutz" name="test_employment_contract_contains_datenschutz_header[minijob]" time="0.001" /><testcase classname="tests.test_contract_datenschutz" name="test_employment_contract_contains_datenschutz_header[vollzeit_at]" time="0.001" /><testcase classname="tests.test_contract_datenschutz" name="test_employment_contract_contains_datenschutz_header[teilzeit_at]" time="0.001" /><testcase classname="tests.test_contract_datenschutz" name="test_employment_contract_contains_all_5_paragraphs[vollzeit]" time="0.001" /><testcase classname="tests.test_contract_datenschutz" name="test_employment_contract_contains_all_5_paragraphs[teilzeit]" time="0.001" /><testcase classname="tests.test_contract_datenschutz" name="test_employment_contract_contains_all_5_paragraphs[minijob]" time="0.001" /><testcase classname="tests.test_contract_datenschutz" name="test_employment_contract_contains_all_5_paragraphs[vollzeit_at]" time="0.001" /><testcase classname="tests.test_contract_datenschutz" name="test_employment_contract_contains_all_5_paragraphs[teilzeit_at]" time="0.001" /><testcase classname="tests.test_contract_datenschutz" name="test_teilzeit_specific_terms" time="0.001" /><testcase classname="tests.test_contract_datenschutz" name="test_freiberufler_at_is_not_employment_contract" time="0.001" /><testcase classname="tests.test_contract_datenschutz" name="test_teilzeit_end_to_end_contract_flow" time="3.325" /></testsuite></testsuites>