<?xml version="1.0" encoding="utf-8"?><testsuites name="pytest tests"><testsuite name="pytest" errors="0" failures="0" skipped="0" tests="14" time="4.725" timestamp="2026-03-09T09:39:45.650443+00:00" hostname="agent-env-8720cd8c-3f25-4580-a433-0e562d8312e1"><testcase classname="backend.tests.test_mitarbeiter_signup.TestMitarbeiterSignupValidation" name="test_signup_missing_required_fields" time="0.186" /><testcase classname="backend.tests.test_mitarbeiter_signup.TestMitarbeiterSignupValidation" name="test_signup_missing_name" time="0.165" /><testcase classname="backend.tests.test_mitarbeiter_signup.TestMitarbeiterSignupValidation" name="test_signup_missing_email" time="0.108" /><testcase classname="backend.tests.test_mitarbeiter_signup.TestMitarbeiterSignupValidation" name="test_signup_invalid_email_format" time="0.151" /><testcase classname="backend.tests.test_mitarbeiter_signup.TestMitarbeiterSignupValidation" name="test_signup_missing_password" time="0.120" /><testcase classname="backend.tests.test_mitarbeiter_signup.TestMitarbeiterSignupSuccess" name="test_successful_signup_and_verify_data" time="0.437" /><testcase classname="backend.tests.test_mitarbeiter_signup.TestMitarbeiterSignupSuccess" name="test_duplicate_email_rejected" time="0.582" /><testcase classname="backend.tests.test_mitarbeiter_signup.TestMitarbeiterLoginAfterSignup" name="test_login_with_new_account" time="0.856" /><testcase classname="backend.tests.test_mitarbeiter_signup.TestMitarbeiterLoginAfterSignup" name="test_login_with_wrong_password" time="0.383" /><testcase classname="backend.tests.test_mitarbeiter_signup.TestMitarbeiterLoginAfterSignup" name="test_login_with_nonexistent_email" time="0.119" /><testcase classname="backend.tests.test_mitarbeiter_signup.TestMitarbeiterLoginAfterSignup" name="test_login_missing_credentials" time="0.227" /><testcase classname="backend.tests.test_mitarbeiter_signup.TestMitarbeiterStatusEndpoint" name="test_get_status_with_valid_token" time="0.942" /><testcase classname="backend.tests.test_mitarbeiter_signup.TestMitarbeiterStatusEndpoint" name="test_get_status_without_token" time="0.104" /><testcase classname="backend.tests.test_mitarbeiter_signup.TestMitarbeiterStatusEndpoint" name="test_get_status_with_invalid_token" time="0.122" /></testsuite></testsuites>