<?xml version="1.0" encoding="utf-8"?><testsuites name="pytest tests"><testsuite name="pytest" errors="0" failures="0" skipped="0" tests="20" time="15.095" timestamp="2026-02-21T12:22:44.109754+00:00" hostname="agent-env-e6510a45-2be1-4114-b66e-5920ba75efa1"><testcase classname="tests.test_tasks_api.TestAdminAuthentication" name="test_admin_login_success" time="0.768" /><testcase classname="tests.test_tasks_api.TestAdminAuthentication" name="test_admin_login_invalid_password" time="0.419" /><testcase classname="tests.test_tasks_api.TestAdminAuthentication" name="test_admin_verify_token" time="0.562" /><testcase classname="tests.test_tasks_api.TestEmployeeAuthentication" name="test_employee_login_success" time="0.419" /><testcase classname="tests.test_tasks_api.TestEmployeeAuthentication" name="test_employee_login_invalid_password" time="0.428" /><testcase classname="tests.test_tasks_api.TestAdminTasks" name="test_get_employees_list" time="0.617" /><testcase classname="tests.test_tasks_api.TestAdminTasks" name="test_get_all_tasks" time="0.616" /><testcase classname="tests.test_tasks_api.TestAdminTasks" name="test_create_task_full" time="1.068" /><testcase classname="tests.test_tasks_api.TestAdminTasks" name="test_create_task_minimal" time="1.229" /><testcase classname="tests.test_tasks_api.TestAdminTasks" name="test_create_task_invalid_employee" time="0.679" /><testcase classname="tests.test_tasks_api.TestAdminTasks" name="test_delete_task" time="0.919" /><testcase classname="tests.test_tasks_api.TestAdminTasks" name="test_delete_nonexistent_task" time="0.809" /><testcase classname="tests.test_tasks_api.TestEmployeeTasks" name="test_get_employee_tasks" time="0.642" /><testcase classname="tests.test_tasks_api.TestEmployeeTasks" name="test_get_employee_stats" time="0.605" /><testcase classname="tests.test_tasks_api.TestEmployeeTasks" name="test_update_task_status_start" time="1.418" /><testcase classname="tests.test_tasks_api.TestEmployeeTasks" name="test_update_task_status_complete" time="1.537" /><testcase classname="tests.test_tasks_api.TestEmployeeTasks" name="test_update_task_not_assigned" time="1.098" /><testcase classname="tests.test_tasks_api.TestUnauthorizedAccess" name="test_admin_tasks_without_token" time="0.126" /><testcase classname="tests.test_tasks_api.TestUnauthorizedAccess" name="test_employee_tasks_without_token" time="0.163" /><testcase classname="tests.test_tasks_api.TestUnauthorizedAccess" name="test_admin_tasks_with_employee_token" time="0.572" /></testsuite></testsuites>