<?xml version="1.0" encoding="utf-8"?><testsuites name="pytest tests"><testsuite name="pytest" errors="0" failures="0" skipped="0" tests="21" time="7.808" timestamp="2026-04-19T11:35:16.362568+00:00" hostname="agent-env-8720cd8c-3f25-4580-a433-0e562d8312e1"><testcase classname="tests.test_chat_and_per_employee_tasks.TestAdminLogin" name="test_admin_login_success" time="0.421" /><testcase classname="tests.test_chat_and_per_employee_tasks.TestAdminLogin" name="test_admin_login_invalid_credentials" time="0.401" /><testcase classname="tests.test_chat_and_per_employee_tasks.TestAdminEmployees" name="test_get_employees" time="0.523" /><testcase classname="tests.test_chat_and_per_employee_tasks.TestTaskCreation" name="test_create_task" time="0.124" /><testcase classname="tests.test_chat_and_per_employee_tasks.TestPerEmployeeTaskStatus" name="test_assign_task_to_multiple_employees" time="1.370" /><testcase classname="tests.test_chat_and_per_employee_tasks.TestEmployeeTasks" name="test_employee_get_tasks" time="0.535" /><testcase classname="tests.test_chat_and_per_employee_tasks.TestEmployeeTasks" name="test_employee_stats" time="0.129" /><testcase classname="tests.test_chat_and_per_employee_tasks.TestChatSystem" name="test_chat_send_message" time="0.266" /><testcase classname="tests.test_chat_and_per_employee_tasks.TestChatSystem" name="test_chat_get_messages" time="0.258" /><testcase classname="tests.test_chat_and_per_employee_tasks.TestChatSystem" name="test_chat_get_conversations" time="0.146" /><testcase classname="tests.test_chat_and_per_employee_tasks.TestChatSystem" name="test_chat_get_unread" time="0.129" /><testcase classname="tests.test_chat_and_per_employee_tasks.TestChatSystem" name="test_chat_employee_unread" time="0.121" /><testcase classname="tests.test_chat_and_per_employee_tasks.TestTelegramWebhook" name="test_telegram_webhook_start" time="0.888" /><testcase classname="tests.test_chat_and_per_employee_tasks.TestTelegramWebhook" name="test_telegram_webhook_stop" time="0.905" /><testcase classname="tests.test_chat_and_per_employee_tasks.TestQuizEndpoints" name="test_quiz_status_requires_auth" time="0.148" /><testcase classname="tests.test_chat_and_per_employee_tasks.TestQuizEndpoints" name="test_quiz_admin_view" time="0.158" /><testcase classname="tests.test_chat_and_per_employee_tasks.TestAnosimEndpoints" name="test_anosim_my_number_employee" time="0.116" /><testcase classname="tests.test_chat_and_per_employee_tasks.TestAnosimEndpoints" name="test_anosim_numbers_admin" time="0.418" /><testcase classname="tests.test_chat_and_per_employee_tasks.TestAnosimEndpoints" name="test_anosim_assignments_admin" time="0.126" /><testcase classname="tests.test_chat_and_per_employee_tasks.TestChatImageEndpoint" name="test_chat_image_not_found" time="0.118" /><testcase classname="tests.test_chat_and_per_employee_tasks.TestEmployeeTaskStatusUpdate" name="test_employee_update_task_status" time="0.393" /></testsuite></testsuites>