<?xml version="1.0" encoding="utf-8"?><testsuites name="pytest tests"><testsuite name="pytest" errors="0" failures="0" skipped="3" tests="7" time="23.095" timestamp="2026-02-21T19:54:09.903536+00:00" hostname="agent-env-147dd142-574f-49c6-8ff9-c99b9983f2d5"><testcase classname="tests.test_contracts_iban.TestContractSigningWithIBAN" name="test_get_employee_contracts" time="4.019" /><testcase classname="tests.test_contracts_iban.TestContractSigningWithIBAN" name="test_sign_contract_without_iban_fails" time="3.770"><skipped type="pytest.skip" message="No pending contracts to test">/app/backend/tests/test_contracts_iban.py:53: No pending contracts to test</skipped></testcase><testcase classname="tests.test_contracts_iban.TestContractSigningWithIBAN" name="test_sign_contract_with_invalid_iban_fails" time="4.009"><skipped type="pytest.skip" message="No pending contracts to test">/app/backend/tests/test_contracts_iban.py:83: No pending contracts to test</skipped></testcase><testcase classname="tests.test_contracts_iban.TestContractSigningWithIBAN" name="test_signed_contract_has_iban_stored" time="3.528" /><testcase classname="tests.test_contracts_iban.TestContractSigningWithIBAN" name="test_download_signed_contract_pdf" time="3.978" /><testcase classname="tests.test_contracts_iban.TestContractSigningWithIBAN" name="test_download_unsigned_contract_fails" time="2.330"><skipped type="pytest.skip" message="No pending contracts to test">/app/backend/tests/test_contracts_iban.py:155: No pending contracts to test</skipped></testcase><testcase classname="tests.test_contracts_iban.TestAuszahlungRemoved" name="test_auszahlung_route_not_exists" time="0.364" /></testsuite></testsuites>