<?xml version="1.0" encoding="utf-8"?><testsuites name="pytest tests"><testsuite name="pytest" errors="0" failures="1" skipped="0" tests="13" time="7.892" timestamp="2026-06-04T15:16:12.347624+00:00" hostname="agent-env-8720cd8c-3f25-4580-a433-0e562d8312e1"><testcase classname="backend.tests.test_referrals_and_due_date.TestAutoDueDate" name="test_create_task_auto_due_date_tomorrow" time="0.906" /><testcase classname="backend.tests.test_referrals_and_due_date.TestAutoDueDate" name="test_assign_multiple_auto_due_date" time="1.411"><failure message="AssertionError: assert None == '2026-06-05'&#10; +  where None = &lt;built-in method get of dict object at 0x7dbf5c22c340&gt;('due_date')&#10; +    where &lt;built-in method get of dict object at 0x7dbf5c22c340&gt; = {'assigned_at': '2026-06-04T15:16:13.965404', 'employee_email': 'mitarbeiter@infometrica.de', 'employee_id': 'emp-001', 'employee_name': 'Max Mitarbeiter', ...}.get">backend/tests/test_referrals_and_due_date.py:101: in test_assign_multiple_auto_due_date
    assert a.get("due_date") == expected
E   AssertionError: assert None == '2026-06-05'
E    +  where None = &lt;built-in method get of dict object at 0x7dbf5c22c340&gt;('due_date')
E    +    where &lt;built-in method get of dict object at 0x7dbf5c22c340&gt; = {'assigned_at': '2026-06-04T15:16:13.965404', 'employee_email': 'mitarbeiter@infometrica.de', 'employee_id': 'emp-001', 'employee_name': 'Max Mitarbeiter', ...}.get</failure></testcase><testcase classname="backend.tests.test_referrals_and_due_date.TestReferrals" name="test_01_create_referral" time="0.217" /><testcase classname="backend.tests.test_referrals_and_due_date.TestReferrals" name="test_02_invalid_slug" time="0.214" /><testcase classname="backend.tests.test_referrals_and_due_date.TestReferrals" name="test_03_duplicate_slug" time="0.196" /><testcase classname="backend.tests.test_referrals_and_due_date.TestReferrals" name="test_04_list_referrals" time="0.220" /><testcase classname="backend.tests.test_referrals_and_due_date.TestReferrals" name="test_05_track_click_increments" time="0.515" /><testcase classname="backend.tests.test_referrals_and_due_date.TestReferrals" name="test_06_track_unknown_slug" time="0.164" /><testcase classname="backend.tests.test_referrals_and_due_date.TestReferrals" name="test_07_submit_with_valid_referral" time="0.944" /><testcase classname="backend.tests.test_referrals_and_due_date.TestReferrals" name="test_08_submit_with_invalid_referral_becomes_null" time="0.823" /><testcase classname="backend.tests.test_referrals_and_due_date.TestReferrals" name="test_09_toggle_referral_deactivates" time="0.444" /><testcase classname="backend.tests.test_referrals_and_due_date.TestReferrals" name="test_10_submit_with_inactive_referral_becomes_null" time="1.285" /><testcase classname="backend.tests.test_referrals_and_due_date.TestReferrals" name="test_99_delete_referral" time="0.296" /></testsuite></testsuites>