<?xml version="1.0" encoding="utf-8"?><testsuites name="pytest tests"><testsuite name="pytest" errors="0" failures="0" skipped="0" tests="12" time="4.725" timestamp="2026-03-05T09:46:09.831161+00:00" hostname="agent-env-ef5965cb-a8b4-4cfd-8584-1eb46610f10b"><testcase classname="tests.test_anosim_integration.TestAdminAnosimAssignments" name="test_admin_get_assignments_endpoint" time="0.803" /><testcase classname="tests.test_anosim_integration.TestAdminAnosimAssignments" name="test_admin_assign_number_to_employee" time="0.281" /><testcase classname="tests.test_anosim_integration.TestAdminAnosimAssignments" name="test_admin_assign_number_missing_fields" time="0.140" /><testcase classname="tests.test_anosim_integration.TestAdminAnosimAssignments" name="test_admin_assign_nonexistent_employee" time="0.136" /><testcase classname="tests.test_anosim_integration.TestAdminAnosimAssignments" name="test_admin_unassign_number" time="0.154" /><testcase classname="tests.test_anosim_integration.TestAdminAnosimAssignments" name="test_admin_unassign_nonexistent_employee" time="0.176" /><testcase classname="tests.test_anosim_integration.TestAdminAnosimAssignments" name="test_admin_endpoints_require_auth" time="0.423" /><testcase classname="tests.test_anosim_integration.TestEmployeeAnosim" name="test_employee_get_my_number_endpoint" time="0.632" /><testcase classname="tests.test_anosim_integration.TestEmployeeAnosim" name="test_employee_get_my_sms_with_number" time="0.563" /><testcase classname="tests.test_anosim_integration.TestEmployeeAnosim" name="test_employee_get_my_sms_without_number" time="0.291" /><testcase classname="tests.test_anosim_integration.TestEmployeeAnosim" name="test_employee_endpoints_require_auth" time="0.255" /><testcase classname="tests.test_anosim_integration.TestAnosimFullFlow" name="test_full_assign_check_unassign_flow" time="0.705" /></testsuite></testsuites>