<?xml version="1.0" encoding="utf-8"?><testsuites name="pytest tests"><testsuite name="pytest" errors="0" failures="0" skipped="0" tests="16" time="6.951" timestamp="2026-02-21T13:21:32.786665+00:00" hostname="agent-env-e6510a45-2be1-4114-b66e-5920ba75efa1"><testcase classname="tests.test_applicant_flow.TestApplicationSubmission" name="test_submit_application_with_password" time="0.440" /><testcase classname="tests.test_applicant_flow.TestApplicationSubmission" name="test_submit_duplicate_email_fails" time="0.514" /><testcase classname="tests.test_applicant_flow.TestApplicantLogin" name="test_applicant_login_success" time="0.388" /><testcase classname="tests.test_applicant_flow.TestApplicantLogin" name="test_applicant_login_wrong_password" time="0.455" /><testcase classname="tests.test_applicant_flow.TestApplicantLogin" name="test_applicant_login_nonexistent_email" time="0.132" /><testcase classname="tests.test_applicant_flow.TestApplicantStatus" name="test_get_status_authorized" time="0.549" /><testcase classname="tests.test_applicant_flow.TestApplicantStatus" name="test_get_status_unauthorized" time="0.112" /><testcase classname="tests.test_applicant_flow.TestAdminAcceptApplication" name="test_get_applications_list" time="0.565" /><testcase classname="tests.test_applicant_flow.TestAdminAcceptApplication" name="test_accept_application" time="0.550" /><testcase classname="tests.test_applicant_flow.TestAdminAcceptApplication" name="test_accept_already_accepted_fails" time="0.753" /><testcase classname="tests.test_applicant_flow.TestVerificationUpload" name="test_upload_verification_unauthorized" time="0.122" /><testcase classname="tests.test_applicant_flow.TestVerificationUpload" name="test_upload_verification_wrong_status" time="1.001" /><testcase classname="tests.test_applicant_flow.TestAdminUnlock" name="test_unlock_not_verified_fails" time="0.656" /><testcase classname="tests.test_applicant_flow.TestAdminVerificationView" name="test_get_verification_image_not_found" time="0.314" /><testcase classname="tests.test_applicant_flow.TestDeleteVerification" name="test_delete_verification_unauthorized" time="0.132" /><testcase classname="tests.test_applicant_flow.TestDeleteVerification" name="test_delete_verification_not_found" time="0.143" /></testsuite></testsuites>