<?xml version="1.0" encoding="utf-8"?><testsuites name="pytest tests"><testsuite name="pytest" errors="0" failures="0" skipped="0" tests="16" time="2.540" timestamp="2026-06-28T19:50:20.874606+00:00" hostname="agent-env-928936d5-3baa-4d5e-9b84-ddec3cd3d4e0"><testcase classname="backend.tests.test_regression_prysm_rebrand.TestHealth" name="test_root_health" time="0.302" /><testcase classname="backend.tests.test_regression_prysm_rebrand.TestAdminAuth" name="test_admin_login_success" time="0.391" /><testcase classname="backend.tests.test_regression_prysm_rebrand.TestAdminAuth" name="test_admin_login_wrong_password" time="0.340" /><testcase classname="backend.tests.test_regression_prysm_rebrand.TestAdminAuth" name="test_admin_verify_with_valid_token" time="0.435" /><testcase classname="backend.tests.test_regression_prysm_rebrand.TestAdminAuth" name="test_admin_verify_without_token" time="0.060" /><testcase classname="backend.tests.test_regression_prysm_rebrand.TestApplicationsList" name="test_list_applications_requires_auth" time="0.062" /><testcase classname="backend.tests.test_regression_prysm_rebrand.TestApplicationsList" name="test_list_applications_with_admin_token" time="0.083" /><testcase classname="backend.tests.test_regression_prysm_rebrand.TestAcceptContractValidation" name="test_accept_requires_auth" time="0.059" /><testcase classname="backend.tests.test_regression_prysm_rebrand.TestAcceptContractValidation" name="test_accept_unknown_id_with_auth_returns_404" time="0.066" /><testcase classname="backend.tests.test_regression_prysm_rebrand.TestAcceptContractValidation" name="test_accept_endpoint_accepts_each_contract_type_value[vollzeit]" time="0.063" /><testcase classname="backend.tests.test_regression_prysm_rebrand.TestAcceptContractValidation" name="test_accept_endpoint_accepts_each_contract_type_value[teilzeit]" time="0.059" /><testcase classname="backend.tests.test_regression_prysm_rebrand.TestAcceptContractValidation" name="test_accept_endpoint_accepts_each_contract_type_value[minijob]" time="0.069" /><testcase classname="backend.tests.test_regression_prysm_rebrand.TestAcceptContractValidation" name="test_accept_endpoint_accepts_each_contract_type_value[minijob_at]" time="0.063" /><testcase classname="backend.tests.test_regression_prysm_rebrand.TestAcceptContractValidation" name="test_accept_endpoint_accepts_each_contract_type_value[vollzeit_at]" time="0.066" /><testcase classname="backend.tests.test_regression_prysm_rebrand.TestAcceptContractValidation" name="test_accept_endpoint_accepts_each_contract_type_value[teilzeit_at]" time="0.066" /><testcase classname="backend.tests.test_regression_prysm_rebrand.TestAcceptContractValidation" name="test_accept_endpoint_accepts_each_contract_type_value[freiberufler_at]" time="0.067" /></testsuite></testsuites>