<?xml version="1.0" encoding="utf-8"?><testsuites name="pytest tests"><testsuite name="pytest" errors="0" failures="0" skipped="0" tests="23" time="3.052" timestamp="2026-08-16T16:20:51.011054+00:00" hostname="agent-env-928936d5-3baa-4d5e-9b84-ddec3cd3d4e0"><testcase classname="backend.tests.test_security_auth_remediation" name="test_bogus_token_rejected_admin_get[/applications/]" time="0.235" /><testcase classname="backend.tests.test_security_auth_remediation" name="test_bogus_token_rejected_admin_get[/contracts/]" time="0.064" /><testcase classname="backend.tests.test_security_auth_remediation" name="test_bogus_token_rejected_accept" time="0.489" /><testcase classname="backend.tests.test_security_auth_remediation" name="test_bogus_token_rejected_unlock" time="0.066" /><testcase classname="backend.tests.test_security_auth_remediation" name="test_bogus_token_rejected_contract_type" time="0.066" /><testcase classname="backend.tests.test_security_auth_remediation" name="test_bogus_token_rejected_delete_application" time="0.063" /><testcase classname="backend.tests.test_security_auth_remediation" name="test_bogus_token_rejected_delete_verification" time="0.063" /><testcase classname="backend.tests.test_security_auth_remediation" name="test_bogus_token_rejected_verification_image" time="0.067" /><testcase classname="backend.tests.test_security_auth_remediation" name="test_bogus_token_rejected_contract_create" time="0.064" /><testcase classname="backend.tests.test_security_auth_remediation" name="test_bogus_token_rejected_contract_get" time="0.062" /><testcase classname="backend.tests.test_security_auth_remediation" name="test_bogus_token_rejected_contract_download" time="0.062" /><testcase classname="backend.tests.test_security_auth_remediation" name="test_bogus_token_rejected_contract_sign" time="0.063" /><testcase classname="backend.tests.test_security_auth_remediation" name="test_old_secret_token_rejected_on_list_applications" time="0.064" /><testcase classname="backend.tests.test_security_auth_remediation" name="test_old_secret_token_rejected_on_delete_application" time="0.060" /><testcase classname="backend.tests.test_security_auth_remediation" name="test_applicant_token_forbidden_list_applications" time="0.732" /><testcase classname="backend.tests.test_security_auth_remediation" name="test_applicant_token_forbidden_accept" time="0.061" /><testcase classname="backend.tests.test_security_auth_remediation" name="test_applicant_token_forbidden_contracts_list" time="0.063" /><testcase classname="backend.tests.test_security_auth_remediation" name="test_admin_can_list_applications" time="0.076" /><testcase classname="backend.tests.test_security_auth_remediation" name="test_admin_can_list_contracts" time="0.065" /><testcase classname="backend.tests.test_security_auth_remediation" name="test_applicant_can_get_status" time="0.062" /><testcase classname="backend.tests.test_security_auth_remediation" name="test_applicant_can_get_my_contract" time="0.064" /><testcase classname="backend.tests.test_security_auth_remediation" name="test_bola_applicant_cannot_read_other_contract" time="0.196" /><testcase classname="backend.tests.test_security_auth_remediation" name="test_zzz_cleanup_test_applicant" time="0.065" /></testsuite></testsuites>